Une erreur a été détectée sur le fichier C:\Temp\PersoKbase\nimbus_sans_light_ttf.ttf
Une erreur a été détectée sur le fichier C:\Temp\ClientEDT.iss
Une erreur a été détectée sur le fichier C:\Temp\reglement-intérieur-argouges-2016.pdf
Une erreur a été détectée sur le fichier C:\Temp\visuel_PersoMemo.png
Une erreur a été détectée sur le fichier C:\Temp\Adobe\ndp48-x86-x64-allos-enu.exe
Une erreur a été détectée sur le fichier C:\Temp\Adobe\VC_redist.x64.exe
Une erreur a été détectée sur le fichier C:\Temp\Mac 10.13\Mac 10.13.vbox-prev
Une erreur a été détectée sur le fichier C:\Temp\Mac 10.13\Logs\VBox.log.1
Une erreur a été détectée sur le fichier C:\Temp\Mac 10.13\Logs\VBox.log.3
Une erreur a été détectée sur le fichier C:\Temp\PersoKbase\free_sans_italic_ttf.ttf
Une erreur a été détectée sur le fichier C:\Temp\PersoKbase\helvetica_ttf.ttf
Une erreur a été détectée sur le fichier C:\Temp\PersoKbase\logo app persokbase.xcf
Une erreur a été détectée sur le fichier C:\Temp\PersoKbase\nimbus_sans_ultra_light_ttf.ttf
13/05/2022 11:59:39....: Erreur d'intégrité du fichier C:\Temp\ClientEDT.iss
13/05/2022 11:59:39....: Erreur d'intégrité du fichier C:\Temp\resultatPRN.log
13/05/2022 11:59:44....: Erreur d'intégrité du fichier C:\Temp\Adobe\ndp48-x86-x64-allos-enu.exe
13/05/2022 11:59:48....: Erreur d'intégrité du fichier C:\Temp\Mac 10.13\Mac 10.vdi
13/05/2022 11:59:48....: Erreur d'intégrité du fichier C:\Temp\Mac 10.13\Logs\VBox.log.3
13/05/2022 11:59:48....: Erreur d'intégrité du fichier C:\Temp\PersoKbase\free_sans_ttf.ttf
13/05/2022 11:59:48....: Erreur d'intégrité du fichier C:\Temp\PersoKbase\helvetica_ttf.ttf
13/05/2022 11:59:48....: Erreur d'intégrité du fichier C:\Temp\PersoKbase\logo app persokbase.xcf
13/05/2022 11:59:48....: Erreur d'intégrité du fichier C:\Temp\PersoKbase\nimbus_sans_ultra_light_ttf.ttf
